output does not follow the convention file name for the task!

Strict matching (boundaries + type)
cor	inc	par	mis	spu	total	prec	recall	F1
270	12	0	22	8	304	0.93	0.89	0.91



Exact matching
cor	inc	par	mis	spu	total	prec	recall	F1
275	7	0	22	8	304	0.95	0.9	0.93



Partial matching
cor	inc	par	mis	spu	total	prec	recall	F1
275	0	7	22	8	304	0.95	0.92	0.93



type matching
cor	inc	par	mis	spu	total	prec	recall	F1
274	8	0	22	8	304	0.94	0.9	0.92



SCORES FOR ENTITY TYPE
Exact matching on drug
cor	inc	par	mis	spu	total	prec	recall	F1
163	3	0	14	7	180	0.94	0.91	0.92


Exact matching on brand
cor	inc	par	mis	spu	total	prec	recall	F1
46	0	0	7	1	53	0.98	0.87	0.92


Exact matching on group
cor	inc	par	mis	spu	total	prec	recall	F1
61	1	0	3	4	65	0.92	0.94	0.93


Exact matching on drug_n
cor	inc	par	mis	spu	total	prec	recall	F1
0	0	0	6	0	6	0	0	0


MACRO-AVERAGE MEASURES:
P	R	F1
0.71	0.68	0.69
________________________________________________________________________

